23-May-2023 17:49:34 INFO - Bootstrapping Spring Data JPA repositories in DEFAULT mode.
23-May-2023 17:49:34 INFO - Finished Spring Data repository scanning in 40 ms. Found 2 JPA repository interfaces.
23-May-2023 17:49:35 INFO - HikariPool-1 - Starting...
23-May-2023 17:49:35 INFO - HikariPool-1 - Start completed.
23-May-2023 17:49:35 INFO - HHH000204: Processing PersistenceUnitInfo [name: default]
23-May-2023 17:49:35 INFO - HHH000412: Hibernate ORM core version 5.6.3.Final
23-May-2023 17:49:35 INFO - HCANN000001: Hibernate Commons Annotations {5.1.2.Final}
23-May-2023 17:49:36 INFO - HHH000400: Using dialect: org.hibernate.dialect.MySQL8Dialect
23-May-2023 17:49:36 INFO - HHH000490: Using JtaPlatform implementation: [org.hibernate.engine.transaction.jta.platform.internal.NoJtaPlatform]
23-May-2023 17:49:36 INFO - Initialized JPA EntityManagerFactory for persistence unit 'default'
23-May-2023 17:49:37 INFO - Closing JPA EntityManagerFactory for persistence unit 'default'
23-May-2023 17:49:37 INFO - HikariPool-1 - Shutdown initiated...
23-May-2023 17:49:37 INFO - HikariPool-1 - Shutdown completed.
23-May-2023 17:50:09 INFO - Bootstrapping Spring Data JPA repositories in DEFAULT mode.
23-May-2023 17:50:10 INFO - Finished Spring Data repository scanning in 41 ms. Found 2 JPA repository interfaces.
23-May-2023 17:50:10 INFO - HikariPool-1 - Starting...
23-May-2023 17:50:10 INFO - HikariPool-1 - Start completed.
23-May-2023 17:50:10 INFO - HHH000204: Processing PersistenceUnitInfo [name: default]
23-May-2023 17:50:10 INFO - HHH000412: Hibernate ORM core version 5.6.3.Final
23-May-2023 17:50:11 INFO - HCANN000001: Hibernate Commons Annotations {5.1.2.Final}
23-May-2023 17:50:11 INFO - HHH000400: Using dialect: org.hibernate.dialect.MySQL8Dialect
23-May-2023 17:50:11 INFO - HHH000490: Using JtaPlatform implementation: [org.hibernate.engine.transaction.jta.platform.internal.NoJtaPlatform]
23-May-2023 17:50:11 INFO - Initialized JPA EntityManagerFactory for persistence unit 'default'
23-May-2023 17:50:12 INFO - Closing JPA EntityManagerFactory for persistence unit 'default'
23-May-2023 17:50:12 INFO - HikariPool-1 - Shutdown initiated...
23-May-2023 17:50:12 INFO - HikariPool-1 - Shutdown completed.
23-May-2023 17:52:48 INFO - Bootstrapping Spring Data JPA repositories in DEFAULT mode.
23-May-2023 17:52:48 INFO - Finished Spring Data repository scanning in 44 ms. Found 2 JPA repository interfaces.
23-May-2023 17:52:49 INFO - HikariPool-1 - Starting...
23-May-2023 17:52:49 INFO - HikariPool-1 - Start completed.
23-May-2023 17:52:49 INFO - HHH000204: Processing PersistenceUnitInfo [name: default]
23-May-2023 17:52:49 INFO - HHH000412: Hibernate ORM core version 5.6.3.Final
23-May-2023 17:52:49 INFO - HCANN000001: Hibernate Commons Annotations {5.1.2.Final}
23-May-2023 17:52:49 INFO - HHH000400: Using dialect: org.hibernate.dialect.MySQL8Dialect
23-May-2023 17:52:50 INFO - HHH000490: Using JtaPlatform implementation: [org.hibernate.engine.transaction.jta.platform.internal.NoJtaPlatform]
23-May-2023 17:52:50 INFO - Initialized JPA EntityManagerFactory for persistence unit 'default'
23-May-2023 17:52:51 INFO - Closing JPA EntityManagerFactory for persistence unit 'default'
23-May-2023 17:52:51 INFO - HikariPool-1 - Shutdown initiated...
23-May-2023 17:52:51 INFO - HikariPool-1 - Shutdown completed.
23-May-2023 18:03:01 INFO - Bootstrapping Spring Data JPA repositories in DEFAULT mode.
23-May-2023 18:03:01 INFO - Finished Spring Data repository scanning in 61 ms. Found 2 JPA repository interfaces.
23-May-2023 18:03:01 INFO - HikariPool-1 - Starting...
23-May-2023 18:03:02 INFO - HikariPool-1 - Start completed.
23-May-2023 18:03:02 INFO - HHH000204: Processing PersistenceUnitInfo [name: default]
23-May-2023 18:03:02 INFO - HHH000412: Hibernate ORM core version 5.6.3.Final
23-May-2023 18:03:02 INFO - HCANN000001: Hibernate Commons Annotations {5.1.2.Final}
23-May-2023 18:03:02 INFO - HHH000400: Using dialect: org.hibernate.dialect.MySQL8Dialect
23-May-2023 18:03:03 INFO - HHH000490: Using JtaPlatform implementation: [org.hibernate.engine.transaction.jta.platform.internal.NoJtaPlatform]
23-May-2023 18:03:03 INFO - Initialized JPA EntityManagerFactory for persistence unit 'default'
23-May-2023 18:03:03 INFO - Closing JPA EntityManagerFactory for persistence unit 'default'
23-May-2023 18:03:03 INFO - HikariPool-1 - Shutdown initiated...
23-May-2023 18:03:03 INFO - HikariPool-1 - Shutdown completed.
